<?xml version="1.0" encoding="UTF-8"?>
<!-- Generated by org.testng.reporters.JUnitXMLReporter -->
<testsuite ignored="0" hostname="Puja" failures="0" tests="4" name="Test" time="92.266" errors="0" timestamp="24 Nov 2019 12:25:16 GMT">
  <testcase classname="test.TestcasesUsingJavaScript" name="checkvalidInput" time="18.084"/>
  <testcase classname="test.TestcasesUsingRobotClass" name="checkvalidInput" time="24.622"/>
  <testcase classname="test.TestcasesUsingJavaScript" name="checkInvalidInput" time="13.642"/>
  <testcase classname="test.TestcasesUsingRobotClass" name="checkInvalidInput" time="16.352"/>
</testsuite> <!-- Test -->
