<?xml version="1.0" encoding="UTF-8"?>
<!-- Generated by org.testng.reporters.JUnitXMLReporter -->
<testsuite hostname="Puja" failures="0" tests="4" name="Test" time="88.541" errors="0" timestamp="24 Nov 2019 12:45:45 GMT">
  <testcase classname="test.TestcasesUsingJavaScript" name="checkvalidInput" time="19.232"/>
  <testcase classname="test.TestcasesUsingJavaScript" name="checkInvalidInput" time="13.297"/>
  <testcase classname="test.TestcasesUsingRobotClass" name="checkvalidInput" time="21.462"/>
  <testcase classname="test.TestcasesUsingRobotClass" name="checkInvalidInput" time="15.189"/>
</testsuite> <!-- Test -->
