<?xml version="1.0" encoding="UTF-8"?>
<testng-results total="4" passed="4" failed="0" skipped="0">
  <reporter-output>
  </reporter-output>
  <suite started-at="2019-11-24T12:44:17Z" name="Suite" finished-at="2019-11-24T12:45:45Z" duration-ms="88541">
    <groups>
    </groups>
    <test started-at="2019-11-24T12:44:17Z" name="Test" finished-at="2019-11-24T12:45:45Z" duration-ms="88541">
      <class name="test.TestcasesUsingRobotClass">
        <test-method is-config="true" signature="setUp()[pri:0, instance:test.TestcasesUsingRobotClass@34123d65]" started-at="2019-11-24T18:15:00Z" name="setUp" finished-at="2019-11-24T18:15:04Z" duration-ms="3619" status="PASS">
          <reporter-output>
          </reporter-output>
        </test-method> <!-- setUp -->
        <test-method signature="checkvalidInput(java.lang.String, java.lang.String)[pri:0, instance:test.TestcasesUsingRobotClass@34123d65]" started-at="2019-11-24T18:15:04Z" name="checkvalidInput" description="Upload a file and check success scenario" data-provider="Credentials" finished-at="2019-11-24T18:15:25Z" duration-ms="21462" status="PASS">
          <params>
            <param index="0">
              <value>
                <![CDATA[demo@bigtreecms.org]]>
              </value>
            </param>
            <param index="1">
              <value>
                <![CDATA[demo]]>
              </value>
            </param>
          </params>
          <reporter-output>
          </reporter-output>
        </test-method> <!-- checkvalidInput -->
        <test-method is-config="true" signature="tearDown()[pri:0, instance:test.TestcasesUsingRobotClass@34123d65]" started-at="2019-11-24T18:15:25Z" name="tearDown" finished-at="2019-11-24T18:15:26Z" duration-ms="760" status="PASS">
          <reporter-output>
          </reporter-output>
        </test-method> <!-- tearDown -->
        <test-method is-config="true" signature="setUp()[pri:0, instance:test.TestcasesUsingRobotClass@34123d65]" started-at="2019-11-24T18:15:26Z" name="setUp" finished-at="2019-11-24T18:15:29Z" duration-ms="3504" status="PASS">
          <reporter-output>
          </reporter-output>
        </test-method> <!-- setUp -->
        <test-method signature="checkInvalidInput(java.lang.String, java.lang.String)[pri:0, instance:test.TestcasesUsingRobotClass@34123d65]" started-at="2019-11-24T18:15:29Z" name="checkInvalidInput" description="Upload a image and check failure" data-provider="Credentials" finished-at="2019-11-24T18:15:45Z" duration-ms="15189" status="PASS">
          <params>
            <param index="0">
              <value>
                <![CDATA[demo@bigtreecms.org]]>
              </value>
            </param>
            <param index="1">
              <value>
                <![CDATA[demo]]>
              </value>
            </param>
          </params>
          <reporter-output>
          </reporter-output>
        </test-method> <!-- checkInvalidInput -->
        <test-method is-config="true" signature="tearDown()[pri:0, instance:test.TestcasesUsingRobotClass@34123d65]" started-at="2019-11-24T18:15:45Z" name="tearDown" finished-at="2019-11-24T18:15:45Z" duration-ms="707" status="PASS">
          <reporter-output>
          </reporter-output>
        </test-method> <!-- tearDown -->
      </class> <!-- test.TestcasesUsingRobotClass -->
      <class name="test.TestcasesUsingJavaScript">
        <test-method is-config="true" signature="setUp()[pri:0, instance:test.TestcasesUsingJavaScript@7cc0cdad]" started-at="2019-11-24T18:14:17Z" name="setUp" finished-at="2019-11-24T18:14:22Z" duration-ms="5448" status="PASS">
          <reporter-output>
          </reporter-output>
        </test-method> <!-- setUp -->
        <test-method signature="checkvalidInput(java.lang.String, java.lang.String)[pri:0, instance:test.TestcasesUsingJavaScript@7cc0cdad]" started-at="2019-11-24T18:14:22Z" name="checkvalidInput" description="Upload a file and check success scenario" data-provider="Credentials" finished-at="2019-11-24T18:14:41Z" duration-ms="19232" status="PASS">
          <params>
            <param index="0">
              <value>
                <![CDATA[demo@bigtreecms.org]]>
              </value>
            </param>
            <param index="1">
              <value>
                <![CDATA[demo]]>
              </value>
            </param>
          </params>
          <reporter-output>
          </reporter-output>
        </test-method> <!-- checkvalidInput -->
        <test-method is-config="true" signature="tearDown()[pri:0, instance:test.TestcasesUsingJavaScript@7cc0cdad]" started-at="2019-11-24T18:14:41Z" name="tearDown" finished-at="2019-11-24T18:14:42Z" duration-ms="771" status="PASS">
          <reporter-output>
          </reporter-output>
        </test-method> <!-- tearDown -->
        <test-method is-config="true" signature="setUp()[pri:0, instance:test.TestcasesUsingJavaScript@7cc0cdad]" started-at="2019-11-24T18:14:42Z" name="setUp" finished-at="2019-11-24T18:14:46Z" duration-ms="3762" status="PASS">
          <reporter-output>
          </reporter-output>
        </test-method> <!-- setUp -->
        <test-method signature="checkInvalidInput(java.lang.String, java.lang.String)[pri:0, instance:test.TestcasesUsingJavaScript@7cc0cdad]" started-at="2019-11-24T18:14:46Z" name="checkInvalidInput" description="Upload a image and check failure" data-provider="Credentials" finished-at="2019-11-24T18:14:59Z" duration-ms="13297" status="PASS">
          <params>
            <param index="0">
              <value>
                <![CDATA[demo@bigtreecms.org]]>
              </value>
            </param>
            <param index="1">
              <value>
                <![CDATA[demo]]>
              </value>
            </param>
          </params>
          <reporter-output>
          </reporter-output>
        </test-method> <!-- checkInvalidInput -->
        <test-method is-config="true" signature="tearDown()[pri:0, instance:test.TestcasesUsingJavaScript@7cc0cdad]" started-at="2019-11-24T18:14:59Z" name="tearDown" finished-at="2019-11-24T18:15:00Z" duration-ms="747" status="PASS">
          <reporter-output>
          </reporter-output>
        </test-method> <!-- tearDown -->
      </class> <!-- test.TestcasesUsingJavaScript -->
    </test> <!-- Test -->
  </suite> <!-- Suite -->
</testng-results>
