<?xml version="1.0" encoding="UTF-8"?>
<testng-results ignored="0" total="4" passed="4" failed="0" skipped="0">
  <reporter-output>
  </reporter-output>
  <suite started-at="2019-11-24T12:23:44Z" name="Suite" finished-at="2019-11-24T12:25:16Z" duration-ms="92266">
    <groups>
    </groups>
    <test started-at="2019-11-24T12:23:44Z" name="Test" finished-at="2019-11-24T12:25:16Z" duration-ms="92266">
      <class name="test.TestcasesUsingRobotClass">
        <test-method is-config="true" signature="setUp()[pri:0, instance:test.TestcasesUsingRobotClass@49e5f737]" started-at="2019-11-24T12:24:08Z" name="setUp" finished-at="2019-11-24T12:24:12Z" duration-ms="3558" status="PASS">
          <reporter-output>
          </reporter-output>
        </test-method> <!-- setUp -->
        <test-method signature="checkvalidInput(java.lang.String, java.lang.String)[pri:1, instance:test.TestcasesUsingRobotClass@49e5f737]" started-at="2019-11-24T12:24:12Z" name="checkvalidInput" description="Upload a file and check success scenario" data-provider="Credentials" finished-at="2019-11-24T12:24:36Z" duration-ms="24622" status="PASS">
          <params>
            <param index="0">
              <value>
                <![CDATA[demo@bigtreecms.org]]>
              </value>
            </param>
            <param index="1">
              <value>
                <![CDATA[demo]]>
              </value>
            </param>
          </params>
          <reporter-output>
          </reporter-output>
        </test-method> <!-- checkvalidInput -->
        <test-method is-config="true" signature="tearDown()[pri:0, instance:test.TestcasesUsingRobotClass@49e5f737]" started-at="2019-11-24T12:24:36Z" name="tearDown" finished-at="2019-11-24T12:24:37Z" duration-ms="761" status="PASS">
          <reporter-output>
          </reporter-output>
        </test-method> <!-- tearDown -->
        <test-method is-config="true" signature="setUp()[pri:0, instance:test.TestcasesUsingRobotClass@49e5f737]" started-at="2019-11-24T12:24:55Z" name="setUp" finished-at="2019-11-24T12:24:59Z" duration-ms="3725" status="PASS">
          <reporter-output>
          </reporter-output>
        </test-method> <!-- setUp -->
        <test-method signature="checkInvalidInput(java.lang.String, java.lang.String)[pri:2, instance:test.TestcasesUsingRobotClass@49e5f737]" started-at="2019-11-24T12:24:59Z" name="checkInvalidInput" description="Upload a image and check failure" data-provider="Credentials" finished-at="2019-11-24T12:25:15Z" duration-ms="16352" status="PASS">
          <params>
            <param index="0">
              <value>
                <![CDATA[demo@bigtreecms.org]]>
              </value>
            </param>
            <param index="1">
              <value>
                <![CDATA[demo]]>
              </value>
            </param>
          </params>
          <reporter-output>
          </reporter-output>
        </test-method> <!-- checkInvalidInput -->
        <test-method is-config="true" signature="tearDown()[pri:0, instance:test.TestcasesUsingRobotClass@49e5f737]" started-at="2019-11-24T12:25:15Z" name="tearDown" finished-at="2019-11-24T12:25:16Z" duration-ms="758" status="PASS">
          <reporter-output>
          </reporter-output>
        </test-method> <!-- tearDown -->
      </class> <!-- test.TestcasesUsingRobotClass -->
      <class name="test.TestcasesUsingJavaScript">
        <test-method is-config="true" signature="setUp()[pri:0, instance:test.TestcasesUsingJavaScript@445b295b]" started-at="2019-11-24T12:23:44Z" name="setUp" finished-at="2019-11-24T12:23:49Z" duration-ms="5447" status="PASS">
          <reporter-output>
          </reporter-output>
        </test-method> <!-- setUp -->
        <test-method signature="checkvalidInput(java.lang.String, java.lang.String)[pri:1, instance:test.TestcasesUsingJavaScript@445b295b]" started-at="2019-11-24T12:23:49Z" name="checkvalidInput" description="Upload a file and check success scenario" data-provider="Credentials" finished-at="2019-11-24T12:24:07Z" duration-ms="18084" status="PASS">
          <params>
            <param index="0">
              <value>
                <![CDATA[demo@bigtreecms.org]]>
              </value>
            </param>
            <param index="1">
              <value>
                <![CDATA[demo]]>
              </value>
            </param>
          </params>
          <reporter-output>
          </reporter-output>
        </test-method> <!-- checkvalidInput -->
        <test-method is-config="true" signature="tearDown()[pri:0, instance:test.TestcasesUsingJavaScript@445b295b]" started-at="2019-11-24T12:24:07Z" name="tearDown" finished-at="2019-11-24T12:24:08Z" duration-ms="791" status="PASS">
          <reporter-output>
          </reporter-output>
        </test-method> <!-- tearDown -->
        <test-method is-config="true" signature="setUp()[pri:0, instance:test.TestcasesUsingJavaScript@445b295b]" started-at="2019-11-24T12:24:37Z" name="setUp" finished-at="2019-11-24T12:24:41Z" duration-ms="3664" status="PASS">
          <reporter-output>
          </reporter-output>
        </test-method> <!-- setUp -->
        <test-method signature="checkInvalidInput(java.lang.String, java.lang.String)[pri:2, instance:test.TestcasesUsingJavaScript@445b295b]" started-at="2019-11-24T12:24:41Z" name="checkInvalidInput" description="Upload a image and check failure" data-provider="Credentials" finished-at="2019-11-24T12:24:54Z" duration-ms="13642" status="PASS">
          <params>
            <param index="0">
              <value>
                <![CDATA[demo@bigtreecms.org]]>
              </value>
            </param>
            <param index="1">
              <value>
                <![CDATA[demo]]>
              </value>
            </param>
          </params>
          <reporter-output>
          </reporter-output>
        </test-method> <!-- checkInvalidInput -->
        <test-method is-config="true" signature="tearDown()[pri:0, instance:test.TestcasesUsingJavaScript@445b295b]" started-at="2019-11-24T12:24:54Z" name="tearDown" finished-at="2019-11-24T12:24:55Z" duration-ms="771" status="PASS">
          <reporter-output>
          </reporter-output>
        </test-method> <!-- tearDown -->
      </class> <!-- test.TestcasesUsingJavaScript -->
    </test> <!-- Test -->
  </suite> <!-- Suite -->
</testng-results>
